2026-03-16 05:22:41,267 | INFO | X_train shape : torch.Size([2500, 10]), y_train_inp shape : torch.Size([2500, 11]), y_train_targets shape : torch.Size([2500, 11]),X_val shape : torch.Size([500, 15]), y_val_inp shape : torch.Size([500, 16]), y_val_targets shape : torch.Size([500, 16]),X_test shape : torch.Size([200, 15]), y_test_inp shape : torch.Size([200, 16]),  y_test_targets shape : torch.Size([200, 16]) 
2026-03-16 05:22:41,941 | INFO | ============================================================
2026-03-16 05:22:41,941 | INFO | Before Training 
2026-03-16 05:22:41,954 | INFO | Enc Input : tensor([[ 8,  8,  5,  8, 18, 11, 12,  5,  1,  5]]), Dec Input : tensor([[18,  5,  1,  5, 12, 11, 18,  8,  5,  8,  8]]), Dec Target: tensor([[ 5,  1,  5, 12, 11, 18,  8,  5,  8,  8, 19]])
2026-03-16 05:22:41,977 | INFO | Model's Prediction tensor([[16, 16, 16,  9,  9, 16, 16, 16, 16, 16,  9]])
2026-03-16 05:22:41,977 | INFO | ============================================================
2026-03-16 05:22:43,439 | INFO | Epoch : 1 / 10 , Train Loss : 2.993, Validation Loss : 2.993 Train Token Accuracy : 0.053, Val Token Accuracy : 0.053 Train Seq Accuracy : 0.000, Val Seq Accuracy : 0.000
2026-03-16 05:22:44,875 | INFO | Epoch : 2 / 10 , Train Loss : 2.988, Validation Loss : 2.990 Train Token Accuracy : 0.072, Val Token Accuracy : 0.072 Train Seq Accuracy : 0.000, Val Seq Accuracy : 0.000
2026-03-16 05:22:46,288 | INFO | Epoch : 3 / 10 , Train Loss : 2.983, Validation Loss : 2.987 Train Token Accuracy : 0.104, Val Token Accuracy : 0.069 Train Seq Accuracy : 0.000, Val Seq Accuracy : 0.000
2026-03-16 05:22:47,716 | INFO | Epoch : 4 / 10 , Train Loss : 2.978, Validation Loss : 2.984 Train Token Accuracy : 0.098, Val Token Accuracy : 0.066 Train Seq Accuracy : 0.000, Val Seq Accuracy : 0.000
2026-03-16 05:22:59,023 | INFO | Epoch : 5 / 10 , Train Loss : 2.973, Validation Loss : 2.982 Train Token Accuracy : 0.096, Val Token Accuracy : 0.065 Train Seq Accuracy : 0.000, Val Seq Accuracy : 0.000
2026-03-16 05:23:00,464 | INFO | Epoch : 6 / 10 , Train Loss : 2.969, Validation Loss : 2.980 Train Token Accuracy : 0.095, Val Token Accuracy : 0.065 Train Seq Accuracy : 0.000, Val Seq Accuracy : 0.000
2026-03-16 05:23:01,921 | INFO | Epoch : 7 / 10 , Train Loss : 2.965, Validation Loss : 2.978 Train Token Accuracy : 0.094, Val Token Accuracy : 0.064 Train Seq Accuracy : 0.000, Val Seq Accuracy : 0.000
2026-03-16 05:23:03,732 | INFO | Epoch : 8 / 10 , Train Loss : 2.961, Validation Loss : 2.976 Train Token Accuracy : 0.093, Val Token Accuracy : 0.063 Train Seq Accuracy : 0.000, Val Seq Accuracy : 0.000
2026-03-16 05:23:05,211 | INFO | Epoch : 9 / 10 , Train Loss : 2.957, Validation Loss : 2.974 Train Token Accuracy : 0.092, Val Token Accuracy : 0.063 Train Seq Accuracy : 0.000, Val Seq Accuracy : 0.000
2026-03-16 05:23:09,905 | INFO | Epoch : 10 / 10 , Train Loss : 2.954, Validation Loss : 2.973 Train Token Accuracy : 0.092, Val Token Accuracy : 0.063 Train Seq Accuracy : 0.000, Val Seq Accuracy : 0.000
2026-03-16 05:23:09,905 | INFO | ============================================================
2026-03-16 05:23:09,905 | INFO | After Training 
2026-03-16 05:23:09,907 | INFO | Enc Input : tensor([[ 8,  8,  5,  8, 18, 11, 12,  5,  1,  5]]), Dec Input : tensor([[18,  5,  1,  5, 12, 11, 18,  8,  5,  8,  8]]), Dec Target: tensor([[ 5,  1,  5, 12, 11, 18,  8,  5,  8,  8, 19]])
2026-03-16 05:23:09,910 | INFO | Model's Prediction tensor([[19, 19, 19, 19, 19, 19, 19, 19, 19, 19, 19]])
2026-03-16 05:23:09,910 | INFO | ============================================================
2026-03-16 05:23:09,982 | INFO | Test Loss : 2.974, Test Token Acc : 0.063, Test Seq Acc : 0.000
2026-03-16 05:23:30,471 | INFO | Inference for tensor([[ 5,  3,  9, 10,  2]]) :: Model's Predictions []
