2026-03-17 21:26:08,254 | INFO | X_train shape : torch.Size([2500, 20]), y_train_inp shape : torch.Size([2500, 21]), y_train_targets shape : torch.Size([2500, 21]),X_val shape : torch.Size([500, 20]), y_val_inp shape : torch.Size([500, 21]), y_val_targets shape : torch.Size([500, 21]),X_test shape : torch.Size([200, 20]), y_test_inp shape : torch.Size([200, 21]),  y_test_targets shape : torch.Size([200, 21]) 
2026-03-17 21:26:09,280 | INFO | ============================================================
2026-03-17 21:26:09,280 | INFO | Before Training 
2026-03-17 21:26:09,291 | INFO | Enc Input : tensor([[13,  8,  9, 12,  2, 11, 11, 11, 14, 17, 11,  3,  3, 18, 10, 17,  3, 17,
         12, 16]]), Dec Input : tensor([[18, 16, 12, 17,  3, 17, 10, 18,  3,  3, 11, 17, 14, 11, 11, 11,  2, 12,
          9,  8, 13]]), Dec Target: tensor([[16, 12, 17,  3, 17, 10, 18,  3,  3, 11, 17, 14, 11, 11, 11,  2, 12,  9,
          8, 13, 19]])
2026-03-17 21:26:09,308 | INFO | Model's Prediction tensor([[13, 19,  0,  0,  4,  9,  8,  8, 16,  4,  4,  4,  7,  7,  7,  7,  9,  0,
          0, 13,  1]])
2026-03-17 21:26:09,308 | INFO | ============================================================
2026-03-17 21:26:10,442 | INFO | Epoch : 1 / 10 , Train Loss : 2.888, Validation Loss : 2.718 Train Token Accuracy : 0.099, Val Token Accuracy : 0.144 Train Seq Accuracy : 0.000, Val Seq Accuracy : 0.000
2026-03-17 21:26:11,471 | INFO | Epoch : 2 / 10 , Train Loss : 2.602, Validation Loss : 2.570 Train Token Accuracy : 0.162, Val Token Accuracy : 0.179 Train Seq Accuracy : 0.000, Val Seq Accuracy : 0.000
2026-03-17 21:26:12,485 | INFO | Epoch : 3 / 10 , Train Loss : 2.464, Validation Loss : 2.407 Train Token Accuracy : 0.198, Val Token Accuracy : 0.211 Train Seq Accuracy : 0.000, Val Seq Accuracy : 0.000
2026-03-17 21:26:13,505 | INFO | Epoch : 4 / 10 , Train Loss : 2.300, Validation Loss : 2.316 Train Token Accuracy : 0.245, Val Token Accuracy : 0.252 Train Seq Accuracy : 0.000, Val Seq Accuracy : 0.000
2026-03-17 21:26:16,995 | INFO | Epoch : 5 / 10 , Train Loss : 2.137, Validation Loss : 2.088 Train Token Accuracy : 0.298, Val Token Accuracy : 0.322 Train Seq Accuracy : 0.000, Val Seq Accuracy : 0.000
2026-03-17 21:26:18,096 | INFO | Epoch : 6 / 10 , Train Loss : 1.981, Validation Loss : 1.953 Train Token Accuracy : 0.345, Val Token Accuracy : 0.352 Train Seq Accuracy : 0.000, Val Seq Accuracy : 0.000
2026-03-17 21:26:19,077 | INFO | Epoch : 7 / 10 , Train Loss : 1.858, Validation Loss : 1.927 Train Token Accuracy : 0.380, Val Token Accuracy : 0.359 Train Seq Accuracy : 0.000, Val Seq Accuracy : 0.000
2026-03-17 21:26:20,254 | INFO | Epoch : 8 / 10 , Train Loss : 1.796, Validation Loss : 1.838 Train Token Accuracy : 0.396, Val Token Accuracy : 0.378 Train Seq Accuracy : 0.000, Val Seq Accuracy : 0.000
2026-03-17 21:26:21,228 | INFO | Epoch : 9 / 10 , Train Loss : 1.697, Validation Loss : 1.781 Train Token Accuracy : 0.426, Val Token Accuracy : 0.392 Train Seq Accuracy : 0.000, Val Seq Accuracy : 0.000
2026-03-17 21:26:26,618 | INFO | Epoch : 10 / 10 , Train Loss : 1.631, Validation Loss : 1.694 Train Token Accuracy : 0.446, Val Token Accuracy : 0.422 Train Seq Accuracy : 0.000, Val Seq Accuracy : 0.000
2026-03-17 21:26:26,618 | INFO | ============================================================
2026-03-17 21:26:26,618 | INFO | After Training 
2026-03-17 21:26:26,620 | INFO | Enc Input : tensor([[13,  8,  9, 12,  2, 11, 11, 11, 14, 17, 11,  3,  3, 18, 10, 17,  3, 17,
         12, 16]]), Dec Input : tensor([[18, 16, 12, 17,  3, 17, 10, 18,  3,  3, 11, 17, 14, 11, 11, 11,  2, 12,
          9,  8, 13]]), Dec Target: tensor([[16, 12, 17,  3, 17, 10, 18,  3,  3, 11, 17, 14, 11, 11, 11,  2, 12,  9,
          8, 13, 19]])
2026-03-17 21:26:26,622 | INFO | Model's Prediction tensor([[17, 17, 17,  3, 17, 18, 11, 11, 11, 11, 12, 12, 12, 12,  8,  8, 12,  8,
          8, 15, 19]])
2026-03-17 21:26:26,622 | INFO | ============================================================
2026-03-17 21:26:26,657 | INFO | Test Loss : 1.722, Test Token Acc : 0.409, Test Seq Acc : 0.000
2026-03-17 21:26:33,389 | INFO | Inference for tensor([[ 5,  3,  9, 10,  2]]) :: Model's Predictions [2, 10, 9, 3, 5, 10, 2, 3, 9, 5, 17, 11, 6, 1]
