2026-03-17 21:29:45,083 | INFO | X_train shape : torch.Size([2500, 20]), y_train_inp shape : torch.Size([2500, 21]), y_train_targets shape : torch.Size([2500, 21]),X_val shape : torch.Size([500, 20]), y_val_inp shape : torch.Size([500, 21]), y_val_targets shape : torch.Size([500, 21]),X_test shape : torch.Size([200, 20]), y_test_inp shape : torch.Size([200, 21]),  y_test_targets shape : torch.Size([200, 21]) 
2026-03-17 21:29:45,812 | INFO | ============================================================
2026-03-17 21:29:45,812 | INFO | Before Training 
2026-03-17 21:29:45,826 | INFO | Enc Input : tensor([[13,  8,  9, 12,  2, 11, 11, 11, 14, 17, 11,  3,  3, 18, 10, 17,  3, 17,
         12, 16]]), Dec Input : tensor([[18, 16, 12, 17,  3, 17, 10, 18,  3,  3, 11, 17, 14, 11, 11, 11,  2, 12,
          9,  8, 13]]), Dec Target: tensor([[16, 12, 17,  3, 17, 10, 18,  3,  3, 11, 17, 14, 11, 11, 11,  2, 12,  9,
          8, 13, 19]])
2026-03-17 21:29:45,855 | INFO | Model's Prediction tensor([[16,  8,  8,  2,  2,  2, 17, 13,  9,  9, 13,  2, 13, 13, 13, 13, 10, 13,
         13,  0,  1]])
2026-03-17 21:29:45,855 | INFO | ============================================================
2026-03-17 21:29:48,377 | INFO | Epoch : 1 / 10 , Train Loss : 2.845, Validation Loss : 2.638 Train Token Accuracy : 0.133, Val Token Accuracy : 0.200 Train Seq Accuracy : 0.000, Val Seq Accuracy : 0.000
2026-03-17 21:29:51,000 | INFO | Epoch : 2 / 10 , Train Loss : 2.396, Validation Loss : 2.141 Train Token Accuracy : 0.257, Val Token Accuracy : 0.340 Train Seq Accuracy : 0.000, Val Seq Accuracy : 0.000
2026-03-17 21:29:53,515 | INFO | Epoch : 3 / 10 , Train Loss : 1.673, Validation Loss : 1.297 Train Token Accuracy : 0.471, Val Token Accuracy : 0.593 Train Seq Accuracy : 0.000, Val Seq Accuracy : 0.000
2026-03-17 21:29:56,352 | INFO | Epoch : 4 / 10 , Train Loss : 1.094, Validation Loss : 1.188 Train Token Accuracy : 0.660, Val Token Accuracy : 0.608 Train Seq Accuracy : 0.000, Val Seq Accuracy : 0.000
2026-03-17 21:30:02,770 | INFO | Epoch : 5 / 10 , Train Loss : 0.901, Validation Loss : 0.611 Train Token Accuracy : 0.729, Val Token Accuracy : 0.831 Train Seq Accuracy : 0.007, Val Seq Accuracy : 0.014
2026-03-17 21:30:05,456 | INFO | Epoch : 6 / 10 , Train Loss : 0.428, Validation Loss : 0.333 Train Token Accuracy : 0.908, Val Token Accuracy : 0.932 Train Seq Accuracy : 0.151, Val Seq Accuracy : 0.289
2026-03-17 21:30:07,856 | INFO | Epoch : 7 / 10 , Train Loss : 0.246, Validation Loss : 0.213 Train Token Accuracy : 0.961, Val Token Accuracy : 0.963 Train Seq Accuracy : 0.459, Val Seq Accuracy : 0.530
2026-03-17 21:30:10,241 | INFO | Epoch : 8 / 10 , Train Loss : 0.162, Validation Loss : 0.322 Train Token Accuracy : 0.978, Val Token Accuracy : 0.913 Train Seq Accuracy : 0.659, Val Seq Accuracy : 0.229
2026-03-17 21:30:12,587 | INFO | Epoch : 9 / 10 , Train Loss : 0.598, Validation Loss : 0.329 Train Token Accuracy : 0.838, Val Token Accuracy : 0.913 Train Seq Accuracy : 0.091, Val Seq Accuracy : 0.185
2026-03-17 21:30:18,844 | INFO | Epoch : 10 / 10 , Train Loss : 0.211, Validation Loss : 0.134 Train Token Accuracy : 0.956, Val Token Accuracy : 0.982 Train Seq Accuracy : 0.475, Val Seq Accuracy : 0.699
2026-03-17 21:30:18,845 | INFO | ============================================================
2026-03-17 21:30:18,845 | INFO | After Training 
2026-03-17 21:30:18,853 | INFO | Enc Input : tensor([[13,  8,  9, 12,  2, 11, 11, 11, 14, 17, 11,  3,  3, 18, 10, 17,  3, 17,
         12, 16]]), Dec Input : tensor([[18, 16, 12, 17,  3, 17, 10, 18,  3,  3, 11, 17, 14, 11, 11, 11,  2, 12,
          9,  8, 13]]), Dec Target: tensor([[16, 12, 17,  3, 17, 10, 18,  3,  3, 11, 17, 14, 11, 11, 11,  2, 12,  9,
          8, 13, 19]])
2026-03-17 21:30:18,864 | INFO | Model's Prediction tensor([[16, 12, 17,  3, 17, 10, 18,  3,  3, 11, 17, 14, 11, 11, 11,  2, 12,  8,
          8, 13, 19]])
2026-03-17 21:30:18,865 | INFO | ============================================================
2026-03-17 21:30:18,950 | INFO | Test Loss : 0.131, Test Token Acc : 0.980, Test Seq Acc : 0.668
2026-03-17 21:30:25,509 | INFO | Inference for tensor([[ 5,  3,  9, 10,  2]]) :: Model's Predictions [2, 10, 9, 2, 10, 3, 9, 5, 3]
