2026-03-17 14:54:18,360 | INFO | X_train shape : torch.Size([2500, 10]), y_train_inp shape : torch.Size([2500, 11]), y_train_targets shape : torch.Size([2500, 11]),X_val shape : torch.Size([500, 15]), y_val_inp shape : torch.Size([500, 16]), y_val_targets shape : torch.Size([500, 16]),X_test shape : torch.Size([200, 15]), y_test_inp shape : torch.Size([200, 16]),  y_test_targets shape : torch.Size([200, 16]) 
2026-03-17 14:54:19,124 | INFO | ============================================================
2026-03-17 14:54:19,125 | INFO | Before Training 
2026-03-17 14:54:19,138 | INFO | Enc Input : tensor([[ 8,  8,  5,  8, 18, 11, 12,  5,  1,  5]]), Dec Input : tensor([[18,  5,  1,  5, 12, 11, 18,  8,  5,  8,  8]]), Dec Target: tensor([[ 5,  1,  5, 12, 11, 18,  8,  5,  8,  8, 19]])
2026-03-17 14:54:19,164 | INFO | Model's Prediction tensor([[16,  8,  1,  8,  1, 13, 13,  8,  8,  8,  8]])
2026-03-17 14:54:19,164 | INFO | ============================================================
2026-03-17 14:54:20,268 | INFO | Epoch : 1 / 10 , Train Loss : 3.009, Validation Loss : 3.004 Train Token Accuracy : 0.050, Val Token Accuracy : 0.052 Train Seq Accuracy : 0.000, Val Seq Accuracy : 0.000
2026-03-17 14:54:21,289 | INFO | Epoch : 2 / 10 , Train Loss : 2.997, Validation Loss : 2.996 Train Token Accuracy : 0.055, Val Token Accuracy : 0.057 Train Seq Accuracy : 0.000, Val Seq Accuracy : 0.000
2026-03-17 14:54:22,296 | INFO | Epoch : 3 / 10 , Train Loss : 2.985, Validation Loss : 2.990 Train Token Accuracy : 0.066, Val Token Accuracy : 0.061 Train Seq Accuracy : 0.000, Val Seq Accuracy : 0.000
2026-03-17 14:54:23,311 | INFO | Epoch : 4 / 10 , Train Loss : 2.977, Validation Loss : 2.984 Train Token Accuracy : 0.080, Val Token Accuracy : 0.067 Train Seq Accuracy : 0.000, Val Seq Accuracy : 0.000
2026-03-17 14:54:32,150 | INFO | Epoch : 5 / 10 , Train Loss : 2.967, Validation Loss : 2.979 Train Token Accuracy : 0.093, Val Token Accuracy : 0.069 Train Seq Accuracy : 0.000, Val Seq Accuracy : 0.000
2026-03-17 14:54:33,150 | INFO | Epoch : 6 / 10 , Train Loss : 2.959, Validation Loss : 2.975 Train Token Accuracy : 0.101, Val Token Accuracy : 0.072 Train Seq Accuracy : 0.000, Val Seq Accuracy : 0.000
2026-03-17 14:54:34,183 | INFO | Epoch : 7 / 10 , Train Loss : 2.952, Validation Loss : 2.971 Train Token Accuracy : 0.104, Val Token Accuracy : 0.072 Train Seq Accuracy : 0.000, Val Seq Accuracy : 0.000
2026-03-17 14:54:35,168 | INFO | Epoch : 8 / 10 , Train Loss : 2.944, Validation Loss : 2.967 Train Token Accuracy : 0.104, Val Token Accuracy : 0.072 Train Seq Accuracy : 0.000, Val Seq Accuracy : 0.000
2026-03-17 14:54:36,244 | INFO | Epoch : 9 / 10 , Train Loss : 2.939, Validation Loss : 2.964 Train Token Accuracy : 0.106, Val Token Accuracy : 0.073 Train Seq Accuracy : 0.000, Val Seq Accuracy : 0.000
2026-03-17 14:54:40,234 | INFO | Epoch : 10 / 10 , Train Loss : 2.933, Validation Loss : 2.961 Train Token Accuracy : 0.105, Val Token Accuracy : 0.073 Train Seq Accuracy : 0.000, Val Seq Accuracy : 0.000
2026-03-17 14:54:40,235 | INFO | ============================================================
2026-03-17 14:54:40,235 | INFO | After Training 
2026-03-17 14:54:40,236 | INFO | Enc Input : tensor([[ 8,  8,  5,  8, 18, 11, 12,  5,  1,  5]]), Dec Input : tensor([[18,  5,  1,  5, 12, 11, 18,  8,  5,  8,  8]]), Dec Target: tensor([[ 5,  1,  5, 12, 11, 18,  8,  5,  8,  8, 19]])
2026-03-17 14:54:40,238 | INFO | Model's Prediction tensor([[ 1,  5, 19, 19, 19, 19, 19, 19, 19, 19, 19]])
2026-03-17 14:54:40,238 | INFO | ============================================================
2026-03-17 14:54:40,298 | INFO | Test Loss : 2.951, Test Token Acc : 0.069, Test Seq Acc : 0.000
2026-03-17 14:55:09,205 | INFO | Inference for tensor([[ 5,  3,  9, 10,  2]]) :: Model's Predictions [16]
