2026-03-15 19:33:22,884 | INFO | X_train shape : torch.Size([2000, 10]), y_train_inp shape : torch.Size([2000, 11]), y_train_targets shape : torch.Size([2000, 11]),X_val shape : torch.Size([500, 15]), y_val_inp shape : torch.Size([500, 16]), y_val_targets shape : torch.Size([500, 16]),X_test shape : torch.Size([200, 15]), y_test_inp shape : torch.Size([200, 16]),  y_test_targets shape : torch.Size([200, 16]) 
2026-03-15 19:33:23,546 | INFO | ============================================================
2026-03-15 19:33:23,546 | INFO | Before Training 
2026-03-15 19:33:23,559 | INFO | Enc Input : tensor([[18, 14,  9,  8, 10,  6,  6, 18,  1,  5]]), Dec Input : tensor([[18,  5,  1, 18,  6,  6, 10,  8,  9, 14, 18]]), Dec Target: tensor([[ 5,  1, 18,  6,  6, 10,  8,  9, 14, 18, 19]])
2026-03-15 19:33:23,572 | INFO | Model's Prediction tensor([[17, 11,  2, 17,  0, 15, 10, 17, 12, 11, 17]])
2026-03-15 19:33:23,572 | INFO | ============================================================
2026-03-15 19:33:23,747 | INFO | Epoch : 1 / 20 , Train Loss : 2.984, Validation Loss : 2.973 Train Token Accuracy : 0.078, Val Token Accuracy : 0.076 Train Seq Accuracy : 0.000, Val Seq Accuracy : 0.000
2026-03-15 19:33:23,880 | INFO | Epoch : 2 / 20 , Train Loss : 2.925, Validation Loss : 2.951 Train Token Accuracy : 0.132, Val Token Accuracy : 0.095 Train Seq Accuracy : 0.000, Val Seq Accuracy : 0.000
2026-03-15 19:33:24,011 | INFO | Epoch : 3 / 20 , Train Loss : 2.883, Validation Loss : 2.932 Train Token Accuracy : 0.163, Val Token Accuracy : 0.122 Train Seq Accuracy : 0.000, Val Seq Accuracy : 0.000
2026-03-15 19:33:24,141 | INFO | Epoch : 4 / 20 , Train Loss : 2.818, Validation Loss : 2.931 Train Token Accuracy : 0.195, Val Token Accuracy : 0.142 Train Seq Accuracy : 0.000, Val Seq Accuracy : 0.000
2026-03-15 19:33:30,002 | INFO | Epoch : 5 / 20 , Train Loss : 2.753, Validation Loss : 2.896 Train Token Accuracy : 0.216, Val Token Accuracy : 0.154 Train Seq Accuracy : 0.000, Val Seq Accuracy : 0.000
2026-03-15 19:33:30,192 | INFO | Epoch : 6 / 20 , Train Loss : 2.703, Validation Loss : 2.920 Train Token Accuracy : 0.230, Val Token Accuracy : 0.159 Train Seq Accuracy : 0.000, Val Seq Accuracy : 0.000
2026-03-15 19:33:30,334 | INFO | Epoch : 7 / 20 , Train Loss : 2.667, Validation Loss : 2.939 Train Token Accuracy : 0.239, Val Token Accuracy : 0.163 Train Seq Accuracy : 0.000, Val Seq Accuracy : 0.000
2026-03-15 19:33:30,467 | INFO | Epoch : 8 / 20 , Train Loss : 2.631, Validation Loss : 2.996 Train Token Accuracy : 0.246, Val Token Accuracy : 0.166 Train Seq Accuracy : 0.000, Val Seq Accuracy : 0.000
2026-03-15 19:33:30,599 | INFO | Epoch : 9 / 20 , Train Loss : 2.594, Validation Loss : 3.023 Train Token Accuracy : 0.254, Val Token Accuracy : 0.170 Train Seq Accuracy : 0.000, Val Seq Accuracy : 0.000
2026-03-15 19:33:34,849 | INFO | Epoch : 10 / 20 , Train Loss : 2.563, Validation Loss : 3.155 Train Token Accuracy : 0.263, Val Token Accuracy : 0.174 Train Seq Accuracy : 0.000, Val Seq Accuracy : 0.000
2026-03-15 19:33:34,987 | INFO | Epoch : 11 / 20 , Train Loss : 2.520, Validation Loss : 3.066 Train Token Accuracy : 0.273, Val Token Accuracy : 0.182 Train Seq Accuracy : 0.000, Val Seq Accuracy : 0.000
2026-03-15 19:33:35,122 | INFO | Epoch : 12 / 20 , Train Loss : 2.493, Validation Loss : 3.146 Train Token Accuracy : 0.279, Val Token Accuracy : 0.186 Train Seq Accuracy : 0.000, Val Seq Accuracy : 0.000
2026-03-15 19:33:35,254 | INFO | Epoch : 13 / 20 , Train Loss : 2.452, Validation Loss : 3.243 Train Token Accuracy : 0.288, Val Token Accuracy : 0.186 Train Seq Accuracy : 0.000, Val Seq Accuracy : 0.000
2026-03-15 19:33:35,390 | INFO | Epoch : 14 / 20 , Train Loss : 2.418, Validation Loss : 3.236 Train Token Accuracy : 0.297, Val Token Accuracy : 0.191 Train Seq Accuracy : 0.000, Val Seq Accuracy : 0.000
2026-03-15 19:33:38,003 | INFO | Epoch : 15 / 20 , Train Loss : 2.382, Validation Loss : 3.261 Train Token Accuracy : 0.310, Val Token Accuracy : 0.174 Train Seq Accuracy : 0.000, Val Seq Accuracy : 0.000
2026-03-15 19:33:38,135 | INFO | Epoch : 16 / 20 , Train Loss : 2.342, Validation Loss : 3.268 Train Token Accuracy : 0.320, Val Token Accuracy : 0.181 Train Seq Accuracy : 0.000, Val Seq Accuracy : 0.000
2026-03-15 19:33:38,269 | INFO | Epoch : 17 / 20 , Train Loss : 2.303, Validation Loss : 3.320 Train Token Accuracy : 0.331, Val Token Accuracy : 0.159 Train Seq Accuracy : 0.000, Val Seq Accuracy : 0.000
2026-03-15 19:33:38,401 | INFO | Epoch : 18 / 20 , Train Loss : 2.263, Validation Loss : 3.323 Train Token Accuracy : 0.340, Val Token Accuracy : 0.162 Train Seq Accuracy : 0.000, Val Seq Accuracy : 0.000
2026-03-15 19:33:38,535 | INFO | Epoch : 19 / 20 , Train Loss : 2.216, Validation Loss : 3.225 Train Token Accuracy : 0.351, Val Token Accuracy : 0.177 Train Seq Accuracy : 0.000, Val Seq Accuracy : 0.000
2026-03-15 19:33:40,642 | INFO | Epoch : 20 / 20 , Train Loss : 2.169, Validation Loss : 3.330 Train Token Accuracy : 0.361, Val Token Accuracy : 0.179 Train Seq Accuracy : 0.000, Val Seq Accuracy : 0.000
2026-03-15 19:33:40,643 | INFO | ============================================================
2026-03-15 19:33:40,643 | INFO | After Training 
2026-03-15 19:33:40,643 | INFO | Enc Input : tensor([[18, 14,  9,  8, 10,  6,  6, 18,  1,  5]]), Dec Input : tensor([[18,  5,  1, 18,  6,  6, 10,  8,  9, 14, 18]]), Dec Target: tensor([[ 5,  1, 18,  6,  6, 10,  8,  9, 14, 18, 19]])
2026-03-15 19:33:40,644 | INFO | Model's Prediction tensor([[ 5, 16, 10,  6, 15, 13,  6, 14, 12, 11, 19]])
2026-03-15 19:33:40,644 | INFO | ============================================================
2026-03-15 19:33:40,653 | INFO | Test Loss : 3.350, Test Token Acc : 0.176, Test Seq Acc : 0.000
2026-03-15 19:34:55,332 | INFO | Inference for tensor([[ 5,  3,  9, 10,  2]]) :: Model's Predictions [2, 10, 10, 3, 10, 5, 3, 9, 12, 8]
