2026-03-15 20:02:34,722 | INFO | X_train shape : torch.Size([2000, 10]), y_train_inp shape : torch.Size([2000, 11]), y_train_targets shape : torch.Size([2000, 11]),X_val shape : torch.Size([500, 15]), y_val_inp shape : torch.Size([500, 16]), y_val_targets shape : torch.Size([500, 16]),X_test shape : torch.Size([200, 15]), y_test_inp shape : torch.Size([200, 16]),  y_test_targets shape : torch.Size([200, 16]) 
2026-03-15 20:02:35,376 | INFO | ============================================================
2026-03-15 20:02:35,376 | INFO | Before Training 
2026-03-15 20:02:35,388 | INFO | Enc Input : tensor([[18, 14,  9,  8, 10,  6,  6, 18,  1,  5]]), Dec Input : tensor([[18,  5,  1, 18,  6,  6, 10,  8,  9, 14, 18]]), Dec Target: tensor([[ 5,  1, 18,  6,  6, 10,  8,  9, 14, 18, 19]])
2026-03-15 20:02:35,403 | INFO | Model's Prediction tensor([[13, 10, 10, 12, 13, 13, 13, 10, 12, 10,  3]])
2026-03-15 20:02:35,403 | INFO | ============================================================
2026-03-15 20:02:35,835 | INFO | Epoch : 1 / 20 , Train Loss : 2.991, Validation Loss : 2.985 Train Token Accuracy : 0.054, Val Token Accuracy : 0.060 Train Seq Accuracy : 0.000, Val Seq Accuracy : 0.000
2026-03-15 20:02:36,237 | INFO | Epoch : 2 / 20 , Train Loss : 2.969, Validation Loss : 2.975 Train Token Accuracy : 0.097, Val Token Accuracy : 0.069 Train Seq Accuracy : 0.000, Val Seq Accuracy : 0.000
2026-03-15 20:02:36,630 | INFO | Epoch : 3 / 20 , Train Loss : 2.953, Validation Loss : 2.969 Train Token Accuracy : 0.102, Val Token Accuracy : 0.074 Train Seq Accuracy : 0.000, Val Seq Accuracy : 0.000
2026-03-15 20:02:37,022 | INFO | Epoch : 4 / 20 , Train Loss : 2.942, Validation Loss : 2.964 Train Token Accuracy : 0.108, Val Token Accuracy : 0.078 Train Seq Accuracy : 0.000, Val Seq Accuracy : 0.000
2026-03-15 20:02:49,608 | INFO | Epoch : 5 / 20 , Train Loss : 2.933, Validation Loss : 2.961 Train Token Accuracy : 0.115, Val Token Accuracy : 0.080 Train Seq Accuracy : 0.000, Val Seq Accuracy : 0.000
2026-03-15 20:02:50,010 | INFO | Epoch : 6 / 20 , Train Loss : 2.925, Validation Loss : 2.959 Train Token Accuracy : 0.118, Val Token Accuracy : 0.081 Train Seq Accuracy : 0.000, Val Seq Accuracy : 0.000
2026-03-15 20:02:50,400 | INFO | Epoch : 7 / 20 , Train Loss : 2.918, Validation Loss : 2.956 Train Token Accuracy : 0.120, Val Token Accuracy : 0.084 Train Seq Accuracy : 0.000, Val Seq Accuracy : 0.000
2026-03-15 20:02:50,790 | INFO | Epoch : 8 / 20 , Train Loss : 2.912, Validation Loss : 2.953 Train Token Accuracy : 0.126, Val Token Accuracy : 0.085 Train Seq Accuracy : 0.000, Val Seq Accuracy : 0.000
2026-03-15 20:02:51,181 | INFO | Epoch : 9 / 20 , Train Loss : 2.906, Validation Loss : 2.950 Train Token Accuracy : 0.130, Val Token Accuracy : 0.087 Train Seq Accuracy : 0.000, Val Seq Accuracy : 0.000
2026-03-15 20:02:55,825 | INFO | Epoch : 10 / 20 , Train Loss : 2.900, Validation Loss : 2.947 Train Token Accuracy : 0.133, Val Token Accuracy : 0.090 Train Seq Accuracy : 0.000, Val Seq Accuracy : 0.000
2026-03-15 20:02:56,219 | INFO | Epoch : 11 / 20 , Train Loss : 2.893, Validation Loss : 2.945 Train Token Accuracy : 0.138, Val Token Accuracy : 0.093 Train Seq Accuracy : 0.000, Val Seq Accuracy : 0.000
2026-03-15 20:02:56,612 | INFO | Epoch : 12 / 20 , Train Loss : 2.887, Validation Loss : 2.942 Train Token Accuracy : 0.145, Val Token Accuracy : 0.097 Train Seq Accuracy : 0.000, Val Seq Accuracy : 0.000
2026-03-15 20:02:57,008 | INFO | Epoch : 13 / 20 , Train Loss : 2.879, Validation Loss : 2.939 Train Token Accuracy : 0.153, Val Token Accuracy : 0.102 Train Seq Accuracy : 0.000, Val Seq Accuracy : 0.000
2026-03-15 20:02:57,405 | INFO | Epoch : 14 / 20 , Train Loss : 2.870, Validation Loss : 2.935 Train Token Accuracy : 0.162, Val Token Accuracy : 0.109 Train Seq Accuracy : 0.000, Val Seq Accuracy : 0.000
2026-03-15 20:03:04,188 | INFO | Epoch : 15 / 20 , Train Loss : 2.859, Validation Loss : 2.932 Train Token Accuracy : 0.171, Val Token Accuracy : 0.114 Train Seq Accuracy : 0.000, Val Seq Accuracy : 0.000
2026-03-15 20:03:04,580 | INFO | Epoch : 16 / 20 , Train Loss : 2.848, Validation Loss : 2.928 Train Token Accuracy : 0.180, Val Token Accuracy : 0.120 Train Seq Accuracy : 0.000, Val Seq Accuracy : 0.000
2026-03-15 20:03:04,972 | INFO | Epoch : 17 / 20 , Train Loss : 2.833, Validation Loss : 2.927 Train Token Accuracy : 0.188, Val Token Accuracy : 0.127 Train Seq Accuracy : 0.000, Val Seq Accuracy : 0.000
2026-03-15 20:03:05,365 | INFO | Epoch : 18 / 20 , Train Loss : 2.815, Validation Loss : 2.923 Train Token Accuracy : 0.197, Val Token Accuracy : 0.135 Train Seq Accuracy : 0.000, Val Seq Accuracy : 0.000
2026-03-15 20:03:05,754 | INFO | Epoch : 19 / 20 , Train Loss : 2.792, Validation Loss : 2.930 Train Token Accuracy : 0.207, Val Token Accuracy : 0.143 Train Seq Accuracy : 0.000, Val Seq Accuracy : 0.000
2026-03-15 20:03:10,359 | INFO | Epoch : 20 / 20 , Train Loss : 2.766, Validation Loss : 2.956 Train Token Accuracy : 0.215, Val Token Accuracy : 0.148 Train Seq Accuracy : 0.000, Val Seq Accuracy : 0.000
2026-03-15 20:03:10,359 | INFO | ============================================================
2026-03-15 20:03:10,359 | INFO | After Training 
2026-03-15 20:03:10,360 | INFO | Enc Input : tensor([[18, 14,  9,  8, 10,  6,  6, 18,  1,  5]]), Dec Input : tensor([[18,  5,  1, 18,  6,  6, 10,  8,  9, 14, 18]]), Dec Target: tensor([[ 5,  1, 18,  6,  6, 10,  8,  9, 14, 18, 19]])
2026-03-15 20:03:10,361 | INFO | Model's Prediction tensor([[ 5,  5,  5, 12, 12, 12,  1,  7, 19, 19, 19]])
2026-03-15 20:03:10,361 | INFO | ============================================================
2026-03-15 20:03:10,386 | INFO | Test Loss : 2.951, Test Token Acc : 0.144, Test Seq Acc : 0.000
2026-03-15 20:06:16,938 | INFO | Inference for tensor([[ 5,  3,  9, 10,  2]]) :: Model's Predictions [2, 2, 11, 1, 11, 5]
