2026-03-15 17:52:31,577 | INFO | X_train shape : torch.Size([1000, 7]), y_train_inp shape : torch.Size([1000, 8]), y_train_targets shape : torch.Size([1000, 8]),X_val shape : torch.Size([500, 7]), y_val_inp shape : torch.Size([500, 8]), y_val_targets shape : torch.Size([500, 8]),X_test shape : torch.Size([200, 7]), y_test_inp shape : torch.Size([200, 8]),  y_test_targets shape : torch.Size([200, 8]) 
2026-03-15 17:52:32,250 | INFO | ============================================================
2026-03-15 17:52:32,250 | INFO | Before Training 
2026-03-15 17:52:32,262 | INFO | Enc Input : tensor([[15, 14, 16,  7, 18,  4,  1]]), Dec Input : tensor([[18,  1,  4, 18,  7, 16, 14, 15]]), Dec Target: tensor([[ 1,  4, 18,  7, 16, 14, 15, 19]])
2026-03-15 17:52:32,274 | INFO | Model's Prediction tensor([[17,  9,  5, 17, 17, 10,  5,  9]])
2026-03-15 17:52:32,274 | INFO | ============================================================
2026-03-15 17:52:41,250 | INFO | Epoch : 1 / 20 , Train Loss : 3.040, Validation Loss : 3.005 Train Token Accuracy : 0.050, Val Token Accuracy : 0.064 Train Seq Accuracy : 0.000, Val Seq Accuracy : 0.000
2026-03-15 17:52:43,617 | INFO | Epoch : 2 / 20 , Train Loss : 2.976, Validation Loss : 2.958 Train Token Accuracy : 0.089, Val Token Accuracy : 0.110 Train Seq Accuracy : 0.000, Val Seq Accuracy : 0.000
2026-03-15 17:52:46,656 | INFO | Epoch : 3 / 20 , Train Loss : 2.933, Validation Loss : 2.925 Train Token Accuracy : 0.126, Val Token Accuracy : 0.141 Train Seq Accuracy : 0.000, Val Seq Accuracy : 0.000
2026-03-15 17:52:47,504 | INFO | Epoch : 4 / 20 , Train Loss : 2.901, Validation Loss : 2.898 Train Token Accuracy : 0.147, Val Token Accuracy : 0.154 Train Seq Accuracy : 0.000, Val Seq Accuracy : 0.000
2026-03-15 17:52:48,354 | INFO | Epoch : 5 / 20 , Train Loss : 2.871, Validation Loss : 2.867 Train Token Accuracy : 0.164, Val Token Accuracy : 0.168 Train Seq Accuracy : 0.000, Val Seq Accuracy : 0.000
2026-03-15 17:52:50,196 | INFO | Epoch : 6 / 20 , Train Loss : 2.834, Validation Loss : 2.825 Train Token Accuracy : 0.175, Val Token Accuracy : 0.176 Train Seq Accuracy : 0.000, Val Seq Accuracy : 0.000
2026-03-15 17:52:56,617 | INFO | Epoch : 7 / 20 , Train Loss : 2.789, Validation Loss : 2.781 Train Token Accuracy : 0.185, Val Token Accuracy : 0.190 Train Seq Accuracy : 0.000, Val Seq Accuracy : 0.000
2026-03-15 17:52:57,755 | INFO | Epoch : 8 / 20 , Train Loss : 2.745, Validation Loss : 2.744 Train Token Accuracy : 0.201, Val Token Accuracy : 0.193 Train Seq Accuracy : 0.000, Val Seq Accuracy : 0.000
2026-03-15 17:53:01,988 | INFO | Epoch : 9 / 20 , Train Loss : 2.718, Validation Loss : 2.716 Train Token Accuracy : 0.208, Val Token Accuracy : 0.200 Train Seq Accuracy : 0.000, Val Seq Accuracy : 0.000
2026-03-15 17:53:11,186 | INFO | Epoch : 10 / 20 , Train Loss : 2.695, Validation Loss : 2.719 Train Token Accuracy : 0.213, Val Token Accuracy : 0.202 Train Seq Accuracy : 0.000, Val Seq Accuracy : 0.000
2026-03-15 17:53:12,767 | INFO | Epoch : 11 / 20 , Train Loss : 2.669, Validation Loss : 2.662 Train Token Accuracy : 0.215, Val Token Accuracy : 0.210 Train Seq Accuracy : 0.000, Val Seq Accuracy : 0.000
2026-03-15 17:53:13,867 | INFO | Epoch : 12 / 20 , Train Loss : 2.655, Validation Loss : 2.708 Train Token Accuracy : 0.223, Val Token Accuracy : 0.217 Train Seq Accuracy : 0.000, Val Seq Accuracy : 0.000
2026-03-15 17:53:15,134 | INFO | Epoch : 13 / 20 , Train Loss : 2.635, Validation Loss : 2.607 Train Token Accuracy : 0.224, Val Token Accuracy : 0.221 Train Seq Accuracy : 0.000, Val Seq Accuracy : 0.000
2026-03-15 17:53:22,739 | INFO | Epoch : 14 / 20 , Train Loss : 2.615, Validation Loss : 2.616 Train Token Accuracy : 0.231, Val Token Accuracy : 0.226 Train Seq Accuracy : 0.000, Val Seq Accuracy : 0.000
2026-03-15 17:53:24,033 | INFO | Epoch : 15 / 20 , Train Loss : 2.601, Validation Loss : 2.584 Train Token Accuracy : 0.232, Val Token Accuracy : 0.225 Train Seq Accuracy : 0.000, Val Seq Accuracy : 0.000
2026-03-15 17:53:25,167 | INFO | Epoch : 16 / 20 , Train Loss : 2.577, Validation Loss : 2.570 Train Token Accuracy : 0.236, Val Token Accuracy : 0.230 Train Seq Accuracy : 0.000, Val Seq Accuracy : 0.000
2026-03-15 17:53:26,111 | INFO | Epoch : 17 / 20 , Train Loss : 2.570, Validation Loss : 2.589 Train Token Accuracy : 0.236, Val Token Accuracy : 0.235 Train Seq Accuracy : 0.000, Val Seq Accuracy : 0.000
2026-03-15 17:53:26,745 | INFO | Epoch : 18 / 20 , Train Loss : 2.552, Validation Loss : 2.568 Train Token Accuracy : 0.241, Val Token Accuracy : 0.239 Train Seq Accuracy : 0.000, Val Seq Accuracy : 0.000
2026-03-15 17:53:27,460 | INFO | Epoch : 19 / 20 , Train Loss : 2.538, Validation Loss : 2.543 Train Token Accuracy : 0.241, Val Token Accuracy : 0.237 Train Seq Accuracy : 0.000, Val Seq Accuracy : 0.000
2026-03-15 17:53:28,244 | INFO | Epoch : 20 / 20 , Train Loss : 2.512, Validation Loss : 2.497 Train Token Accuracy : 0.247, Val Token Accuracy : 0.238 Train Seq Accuracy : 0.000, Val Seq Accuracy : 0.000
2026-03-15 17:53:28,244 | INFO | ============================================================
2026-03-15 17:53:28,244 | INFO | After Training 
2026-03-15 17:53:28,247 | INFO | Enc Input : tensor([[15, 14, 16,  7, 18,  4,  1]]), Dec Input : tensor([[18,  1,  4, 18,  7, 16, 14, 15]]), Dec Target: tensor([[ 1,  4, 18,  7, 16, 14, 15, 19]])
2026-03-15 17:53:28,247 | INFO | Model's Prediction tensor([[ 1, 15,  1,  1,  3,  4, 19, 19]])
2026-03-15 17:53:28,247 | INFO | ============================================================
2026-03-15 17:53:28,251 | INFO | Test Loss : 2.503, Test Token Acc : 0.229, Test Seq Acc : 0.000
2026-03-15 17:53:37,344 | INFO | Inference for tensor([[ 5,  3,  9, 10,  2]]) :: Model's Predictions [2, 6, 8, 11, 1, 3]
