2026-03-17 15:01:33,434 | INFO | X_train shape : torch.Size([2500, 10]), y_train_inp shape : torch.Size([2500, 11]), y_train_targets shape : torch.Size([2500, 11]),X_val shape : torch.Size([500, 10]), y_val_inp shape : torch.Size([500, 11]), y_val_targets shape : torch.Size([500, 11]),X_test shape : torch.Size([200, 10]), y_test_inp shape : torch.Size([200, 11]),  y_test_targets shape : torch.Size([200, 11]) 
2026-03-17 15:01:34,154 | INFO | ============================================================
2026-03-17 15:01:34,154 | INFO | Before Training 
2026-03-17 15:01:34,167 | INFO | Enc Input : tensor([[ 8,  8,  5,  8, 18, 11, 12,  5,  1,  5]]), Dec Input : tensor([[18,  5,  1,  5, 12, 11, 18,  8,  5,  8,  8]]), Dec Target: tensor([[ 5,  1,  5, 12, 11, 18,  8,  5,  8,  8, 19]])
2026-03-17 15:01:34,190 | INFO | Model's Prediction tensor([[16,  8,  1,  8,  1, 13, 13,  8,  8,  8,  8]])
2026-03-17 15:01:34,190 | INFO | ============================================================
2026-03-17 15:01:35,208 | INFO | Epoch : 1 / 10 , Train Loss : 2.676, Validation Loss : 2.248 Train Token Accuracy : 0.205, Val Token Accuracy : 0.333 Train Seq Accuracy : 0.000, Val Seq Accuracy : 0.000
2026-03-17 15:01:36,205 | INFO | Epoch : 2 / 10 , Train Loss : 1.773, Validation Loss : 1.139 Train Token Accuracy : 0.471, Val Token Accuracy : 0.731 Train Seq Accuracy : 0.000, Val Seq Accuracy : 0.024
2026-03-17 15:01:37,164 | INFO | Epoch : 3 / 10 , Train Loss : 0.655, Validation Loss : 0.328 Train Token Accuracy : 0.876, Val Token Accuracy : 0.971 Train Seq Accuracy : 0.329, Val Seq Accuracy : 0.741
2026-03-17 15:01:38,128 | INFO | Epoch : 4 / 10 , Train Loss : 0.193, Validation Loss : 0.116 Train Token Accuracy : 0.986, Val Token Accuracy : 0.997 Train Seq Accuracy : 0.867, Val Seq Accuracy : 0.969
2026-03-17 15:01:42,318 | INFO | Epoch : 5 / 10 , Train Loss : 0.070, Validation Loss : 0.092 Train Token Accuracy : 0.998, Val Token Accuracy : 0.994 Train Seq Accuracy : 0.982, Val Seq Accuracy : 0.948
2026-03-17 15:01:43,270 | INFO | Epoch : 6 / 10 , Train Loss : 0.060, Validation Loss : 0.041 Train Token Accuracy : 0.995, Val Token Accuracy : 0.998 Train Seq Accuracy : 0.958, Val Seq Accuracy : 0.980
2026-03-17 15:01:44,555 | INFO | Epoch : 7 / 10 , Train Loss : 0.025, Validation Loss : 0.019 Train Token Accuracy : 1.000, Val Token Accuracy : 1.000 Train Seq Accuracy : 0.997, Val Seq Accuracy : 0.998
2026-03-17 15:01:45,525 | INFO | Epoch : 8 / 10 , Train Loss : 0.014, Validation Loss : 0.013 Train Token Accuracy : 1.000, Val Token Accuracy : 1.000 Train Seq Accuracy : 1.000, Val Seq Accuracy : 1.000
2026-03-17 15:01:46,549 | INFO | Epoch : 9 / 10 , Train Loss : 0.010, Validation Loss : 0.010 Train Token Accuracy : 1.000, Val Token Accuracy : 1.000 Train Seq Accuracy : 1.000, Val Seq Accuracy : 0.998
2026-03-17 15:01:57,825 | INFO | Epoch : 10 / 10 , Train Loss : 0.008, Validation Loss : 0.008 Train Token Accuracy : 1.000, Val Token Accuracy : 1.000 Train Seq Accuracy : 1.000, Val Seq Accuracy : 1.000
2026-03-17 15:01:57,825 | INFO | ============================================================
2026-03-17 15:01:57,825 | INFO | After Training 
2026-03-17 15:01:57,827 | INFO | Enc Input : tensor([[ 8,  8,  5,  8, 18, 11, 12,  5,  1,  5]]), Dec Input : tensor([[18,  5,  1,  5, 12, 11, 18,  8,  5,  8,  8]]), Dec Target: tensor([[ 5,  1,  5, 12, 11, 18,  8,  5,  8,  8, 19]])
2026-03-17 15:01:57,829 | INFO | Model's Prediction tensor([[ 5,  1,  5, 12, 11, 18,  8,  5,  8,  8, 19]])
2026-03-17 15:01:57,829 | INFO | ============================================================
2026-03-17 15:01:57,859 | INFO | Test Loss : 0.008, Test Token Acc : 1.000, Test Seq Acc : 1.000
2026-03-17 15:07:07,820 | INFO | Inference for tensor([[ 5,  3,  9, 10,  2]]) :: Model's Predictions [2, 2, 10, 9, 3, 5]
