2026-03-15 20:14:10,062 | INFO | X_train shape : torch.Size([2000, 10]), y_train_inp shape : torch.Size([2000, 11]), y_train_targets shape : torch.Size([2000, 11]),X_val shape : torch.Size([500, 15]), y_val_inp shape : torch.Size([500, 16]), y_val_targets shape : torch.Size([500, 16]),X_test shape : torch.Size([200, 15]), y_test_inp shape : torch.Size([200, 16]),  y_test_targets shape : torch.Size([200, 16]) 
2026-03-15 20:14:10,707 | INFO | ============================================================
2026-03-15 20:14:10,707 | INFO | Before Training 
2026-03-15 20:14:10,721 | INFO | Enc Input : tensor([[18, 14,  9,  8, 10,  6,  6, 18,  1,  5]]), Dec Input : tensor([[18,  5,  1, 18,  6,  6, 10,  8,  9, 14, 18]]), Dec Target: tensor([[ 5,  1, 18,  6,  6, 10,  8,  9, 14, 18, 19]])
2026-03-15 20:14:10,736 | INFO | Model's Prediction tensor([[15, 12, 12, 15,  4,  7,  7,  9,  9, 11, 15]])
2026-03-15 20:14:10,736 | INFO | ============================================================
2026-03-15 20:14:11,074 | INFO | Epoch : 1 / 10 , Train Loss : 2.981, Validation Loss : 2.976 Train Token Accuracy : 0.081, Val Token Accuracy : 0.066 Train Seq Accuracy : 0.000, Val Seq Accuracy : 0.000
2026-03-15 20:14:11,377 | INFO | Epoch : 2 / 10 , Train Loss : 2.945, Validation Loss : 2.963 Train Token Accuracy : 0.104, Val Token Accuracy : 0.081 Train Seq Accuracy : 0.000, Val Seq Accuracy : 0.000
2026-03-15 20:14:11,658 | INFO | Epoch : 3 / 10 , Train Loss : 2.923, Validation Loss : 2.953 Train Token Accuracy : 0.127, Val Token Accuracy : 0.097 Train Seq Accuracy : 0.000, Val Seq Accuracy : 0.000
2026-03-15 20:14:11,941 | INFO | Epoch : 4 / 10 , Train Loss : 2.906, Validation Loss : 2.944 Train Token Accuracy : 0.144, Val Token Accuracy : 0.105 Train Seq Accuracy : 0.000, Val Seq Accuracy : 0.000
2026-03-15 20:14:15,243 | INFO | Epoch : 5 / 10 , Train Loss : 2.892, Validation Loss : 2.937 Train Token Accuracy : 0.159, Val Token Accuracy : 0.110 Train Seq Accuracy : 0.000, Val Seq Accuracy : 0.000
2026-03-15 20:14:15,524 | INFO | Epoch : 6 / 10 , Train Loss : 2.877, Validation Loss : 2.930 Train Token Accuracy : 0.169, Val Token Accuracy : 0.120 Train Seq Accuracy : 0.000, Val Seq Accuracy : 0.000
2026-03-15 20:14:15,808 | INFO | Epoch : 7 / 10 , Train Loss : 2.862, Validation Loss : 2.923 Train Token Accuracy : 0.182, Val Token Accuracy : 0.127 Train Seq Accuracy : 0.000, Val Seq Accuracy : 0.000
2026-03-15 20:14:16,084 | INFO | Epoch : 8 / 10 , Train Loss : 2.847, Validation Loss : 2.915 Train Token Accuracy : 0.192, Val Token Accuracy : 0.134 Train Seq Accuracy : 0.000, Val Seq Accuracy : 0.000
2026-03-15 20:14:16,360 | INFO | Epoch : 9 / 10 , Train Loss : 2.830, Validation Loss : 2.909 Train Token Accuracy : 0.201, Val Token Accuracy : 0.135 Train Seq Accuracy : 0.000, Val Seq Accuracy : 0.000
2026-03-15 20:14:19,043 | INFO | Epoch : 10 / 10 , Train Loss : 2.811, Validation Loss : 2.901 Train Token Accuracy : 0.205, Val Token Accuracy : 0.140 Train Seq Accuracy : 0.000, Val Seq Accuracy : 0.000
2026-03-15 20:14:19,044 | INFO | ============================================================
2026-03-15 20:14:19,044 | INFO | After Training 
2026-03-15 20:14:19,044 | INFO | Enc Input : tensor([[18, 14,  9,  8, 10,  6,  6, 18,  1,  5]]), Dec Input : tensor([[18,  5,  1, 18,  6,  6, 10,  8,  9, 14, 18]]), Dec Target: tensor([[ 5,  1, 18,  6,  6, 10,  8,  9, 14, 18, 19]])
2026-03-15 20:14:19,045 | INFO | Model's Prediction tensor([[ 5,  5,  5, 10, 12,  7, 19, 19, 19, 19, 12]])
2026-03-15 20:14:19,045 | INFO | ============================================================
2026-03-15 20:14:19,061 | INFO | Test Loss : 2.899, Test Token Acc : 0.147, Test Seq Acc : 0.000
2026-03-15 20:15:11,794 | INFO | Inference for tensor([[ 5,  3,  9, 10,  2]]) :: Model's Predictions [2, 2, 16]
