2026-03-17 14:57:48,868 | INFO | X_train shape : torch.Size([2500, 10]), y_train_inp shape : torch.Size([2500, 11]), y_train_targets shape : torch.Size([2500, 11]),X_val shape : torch.Size([500, 15]), y_val_inp shape : torch.Size([500, 16]), y_val_targets shape : torch.Size([500, 16]),X_test shape : torch.Size([200, 15]), y_test_inp shape : torch.Size([200, 16]),  y_test_targets shape : torch.Size([200, 16]) 
2026-03-17 14:57:49,644 | INFO | ============================================================
2026-03-17 14:57:49,644 | INFO | Before Training 
2026-03-17 14:57:49,657 | INFO | Enc Input : tensor([[ 8,  8,  5,  8, 18, 11, 12,  5,  1,  5]]), Dec Input : tensor([[18,  5,  1,  5, 12, 11, 18,  8,  5,  8,  8]]), Dec Target: tensor([[ 5,  1,  5, 12, 11, 18,  8,  5,  8,  8, 19]])
2026-03-17 14:57:49,684 | INFO | Model's Prediction tensor([[16,  8,  1,  8,  1, 13, 13,  8,  8,  8,  8]])
2026-03-17 14:57:49,684 | INFO | ============================================================
2026-03-17 14:57:50,826 | INFO | Epoch : 1 / 10 , Train Loss : 2.676, Validation Loss : 2.768 Train Token Accuracy : 0.205, Val Token Accuracy : 0.214 Train Seq Accuracy : 0.000, Val Seq Accuracy : 0.000
2026-03-17 14:57:51,863 | INFO | Epoch : 2 / 10 , Train Loss : 1.773, Validation Loss : 2.889 Train Token Accuracy : 0.471, Val Token Accuracy : 0.234 Train Seq Accuracy : 0.000, Val Seq Accuracy : 0.000
2026-03-17 14:57:52,957 | INFO | Epoch : 3 / 10 , Train Loss : 0.655, Validation Loss : 3.692 Train Token Accuracy : 0.876, Val Token Accuracy : 0.211 Train Seq Accuracy : 0.329, Val Seq Accuracy : 0.000
2026-03-17 14:57:54,039 | INFO | Epoch : 4 / 10 , Train Loss : 0.193, Validation Loss : 4.366 Train Token Accuracy : 0.986, Val Token Accuracy : 0.200 Train Seq Accuracy : 0.867, Val Seq Accuracy : 0.000
2026-03-17 14:58:30,471 | INFO | Epoch : 5 / 10 , Train Loss : 0.070, Validation Loss : 4.787 Train Token Accuracy : 0.998, Val Token Accuracy : 0.198 Train Seq Accuracy : 0.982, Val Seq Accuracy : 0.000
2026-03-17 14:58:31,571 | INFO | Epoch : 6 / 10 , Train Loss : 0.060, Validation Loss : 5.274 Train Token Accuracy : 0.995, Val Token Accuracy : 0.185 Train Seq Accuracy : 0.958, Val Seq Accuracy : 0.000
2026-03-17 14:58:32,612 | INFO | Epoch : 7 / 10 , Train Loss : 0.025, Validation Loss : 5.534 Train Token Accuracy : 1.000, Val Token Accuracy : 0.185 Train Seq Accuracy : 0.997, Val Seq Accuracy : 0.000
2026-03-17 14:58:33,653 | INFO | Epoch : 8 / 10 , Train Loss : 0.014, Validation Loss : 5.786 Train Token Accuracy : 1.000, Val Token Accuracy : 0.184 Train Seq Accuracy : 1.000, Val Seq Accuracy : 0.000
2026-03-17 14:58:34,671 | INFO | Epoch : 9 / 10 , Train Loss : 0.010, Validation Loss : 5.982 Train Token Accuracy : 1.000, Val Token Accuracy : 0.181 Train Seq Accuracy : 1.000, Val Seq Accuracy : 0.000
2026-03-17 14:58:37,851 | INFO | Epoch : 10 / 10 , Train Loss : 0.008, Validation Loss : 6.153 Train Token Accuracy : 1.000, Val Token Accuracy : 0.180 Train Seq Accuracy : 1.000, Val Seq Accuracy : 0.000
2026-03-17 14:58:37,852 | INFO | ============================================================
2026-03-17 14:58:37,852 | INFO | After Training 
2026-03-17 14:58:37,853 | INFO | Enc Input : tensor([[ 8,  8,  5,  8, 18, 11, 12,  5,  1,  5]]), Dec Input : tensor([[18,  5,  1,  5, 12, 11, 18,  8,  5,  8,  8]]), Dec Target: tensor([[ 5,  1,  5, 12, 11, 18,  8,  5,  8,  8, 19]])
2026-03-17 14:58:37,855 | INFO | Model's Prediction tensor([[ 5,  1,  5, 12, 11, 18,  8,  5,  8,  8, 19]])
2026-03-17 14:58:37,855 | INFO | ============================================================
2026-03-17 14:58:37,905 | INFO | Test Loss : 6.225, Test Token Acc : 0.192, Test Seq Acc : 0.000
2026-03-17 14:58:44,590 | INFO | Inference for tensor([[ 5,  3,  9, 10,  2]]) :: Model's Predictions [2, 2, 10, 9, 3, 5]
